[ 2016-03-08T12:32:52+08:00 ] ::1 /
INFO: [ app_init ] --START--
INFO: Run Behavior\BuildLiteBehavior [ RunTime:0.000023s ]
INFO: [ app_init ] --END-- [ RunTime:0.000133s ]
INFO: [ app_begin ] --START--
INFO: Run Behavior\ReadHtmlCacheBehavior [ RunTime:0.002116s ]
INFO: [ app_begin ] --END-- [ RunTime:0.002235s ]
INFO: [ view_parse ] --START--
INFO: [ template_filter ] --START--
INFO: Run Behavior\ContentReplaceBehavior [ RunTime:0.000062s ]
INFO: [ template_filter ] --END-- [ RunTime:0.000134s ]
INFO: Run Behavior\ParseTemplateBehavior [ RunTime:0.012971s ]
INFO: [ view_parse ] --END-- [ RunTime:0.013094s ]
INFO: [ view_filter ] --START--
INFO: Run Behavior\WriteHtmlCacheBehavior [ RunTime:0.000780s ]
INFO: [ view_filter ] --END-- [ RunTime:0.000831s ]
INFO: [ app_end ] --START--
INFO: Run Behavior\ShowPageTraceBehavior [ RunTime:0.000666s ]
INFO: [ app_end ] --END-- [ RunTime:0.000721s ]

[ 2016-03-08T13:40:10+08:00 ] ::1 /
INFO: [ app_init ] --START--
INFO: Run Behavior\BuildLiteBehavior [ RunTime:0.000023s ]
INFO: [ app_init ] --END-- [ RunTime:0.001815s ]
INFO: [ app_begin ] --START--
INFO: Run Behavior\ReadHtmlCacheBehavior [ RunTime:0.002017s ]
INFO: [ app_begin ] --END-- [ RunTime:0.002130s ]
ERR: 1146:Table 'thinkphp.xg_admin' doesn't exist
 [ SQL语句 ] : SHOW COLUMNS FROM `xg_admin`
ERR: 1146:Table 'thinkphp.xg_admin' doesn't exist
 [ SQL语句 ] : SHOW COLUMNS FROM `xg_admin`

[ 2016-03-08T13:40:32+08:00 ] ::1 /
INFO: [ app_init ] --START--
INFO: Run Behavior\BuildLiteBehavior [ RunTime:0.000019s ]
INFO: [ app_init ] --END-- [ RunTime:0.000498s ]
INFO: [ app_begin ] --START--
INFO: Run Behavior\ReadHtmlCacheBehavior [ RunTime:0.000425s ]
INFO: [ app_begin ] --END-- [ RunTime:0.000479s ]
ERR: 1146:Table 'thinkphp.xg_admin' doesn't exist
 [ SQL语句 ] : SHOW COLUMNS FROM `xg_admin`
ERR: 1146:Table 'thinkphp.xg_admin' doesn't exist
 [ SQL语句 ] : SHOW COLUMNS FROM `xg_admin`

[ 2016-03-08T13:40:34+08:00 ] ::1 /
INFO: [ app_init ] --START--
INFO: Run Behavior\BuildLiteBehavior [ RunTime:0.000013s ]
INFO: [ app_init ] --END-- [ RunTime:0.000307s ]
INFO: [ app_begin ] --START--
INFO: Run Behavior\ReadHtmlCacheBehavior [ RunTime:0.000389s ]
INFO: [ app_begin ] --END-- [ RunTime:0.000441s ]
ERR: 1146:Table 'thinkphp.xg_admin' doesn't exist
 [ SQL语句 ] : SHOW COLUMNS FROM `xg_admin`
ERR: 1146:Table 'thinkphp.xg_admin' doesn't exist
 [ SQL语句 ] : SHOW COLUMNS FROM `xg_admin`

[ 2016-03-08T13:53:21+08:00 ] ::1 /
INFO: [ app_init ] --START--
INFO: Run Behavior\BuildLiteBehavior [ RunTime:0.000019s ]
INFO: [ app_init ] --END-- [ RunTime:0.000860s ]
INFO: [ app_begin ] --START--
INFO: Run Behavior\ReadHtmlCacheBehavior [ RunTime:0.001448s ]
INFO: [ app_begin ] --END-- [ RunTime:0.001516s ]
SQL: SHOW COLUMNS FROM `xg_admin` [ RunTime:0.0063s ]
SQL: SELECT * FROM `xg_admin` WHERE ( status=1 )  [ RunTime:0.0010s ]
INFO: [ app_end ] --START--
INFO: Run Behavior\ShowPageTraceBehavior [ RunTime:0.001114s ]
INFO: [ app_end ] --END-- [ RunTime:0.001190s ]

[ 2016-03-08T13:55:29+08:00 ] ::1 /
INFO: [ app_init ] --START--
INFO: Run Behavior\BuildLiteBehavior [ RunTime:0.000013s ]
INFO: [ app_init ] --END-- [ RunTime:0.000325s ]
INFO: [ app_begin ] --START--
INFO: Run Behavior\ReadHtmlCacheBehavior [ RunTime:0.000414s ]
INFO: [ app_begin ] --END-- [ RunTime:0.000465s ]
ERR: 1146:Table 'think.xg_user' doesn't exist
 [ SQL语句 ] : SHOW COLUMNS FROM `xg_user`
ERR: 1146:Table 'think.xg_user' doesn't exist
 [ SQL语句 ] : SHOW COLUMNS FROM `xg_user`

[ 2016-03-08T14:38:40+08:00 ] ::1 /
INFO: [ app_init ] --START--
INFO: Run Behavior\BuildLiteBehavior [ RunTime:0.000016s ]
INFO: [ app_init ] --END-- [ RunTime:0.001869s ]
INFO: [ app_begin ] --START--
INFO: Run Behavior\ReadHtmlCacheBehavior [ RunTime:0.001214s ]
INFO: [ app_begin ] --END-- [ RunTime:0.001309s ]
ERR: 1146:Table 'think.xg_user' doesn't exist
 [ SQL语句 ] : SHOW COLUMNS FROM `xg_user`
ERR: 1146:Table 'think.xg_user' doesn't exist
 [ SQL语句 ] : SHOW COLUMNS FROM `xg_user`

[ 2016-03-08T14:38:56+08:00 ] ::1 /
INFO: [ app_init ] --START--
INFO: Run Behavior\BuildLiteBehavior [ RunTime:0.000028s ]
INFO: [ app_init ] --END-- [ RunTime:0.000745s ]
INFO: [ app_begin ] --START--
INFO: Run Behavior\ReadHtmlCacheBehavior [ RunTime:0.000714s ]
INFO: [ app_begin ] --END-- [ RunTime:0.000824s ]
ERR: 1146:Table 'think.xg_user' doesn't exist
 [ SQL语句 ] : SHOW COLUMNS FROM `xg_user`
ERR: 1146:Table 'think.xg_user' doesn't exist
 [ SQL语句 ] : SHOW COLUMNS FROM `xg_user`

